<?xml version="1.0" encoding="UTF-8"?>
<testng-results ignored="0" total="1" passed="1" failed="0" skipped="0">
  <reporter-output>
  </reporter-output>
  <suite started-at="2023-07-14T11:07:29 IST" name="Default suite" finished-at="2023-07-14T11:08:05 IST" duration-ms="36420">
    <groups>
    </groups>
    <test started-at="2023-07-14T11:07:29 IST" name="Default test" finished-at="2023-07-14T11:08:05 IST" duration-ms="36420">
      <class name="com.signup.SingUpTestCase">
        <test-method is-config="true" signature="setUpMethod()[pri:0, instance:com.signup.SingUpTestCase@21fd5faa]" started-at="2023-07-14T11:07:29 IST" name="setUpMethod" finished-at="2023-07-14T11:08:02 IST" duration-ms="33077" status="PASS">
          <reporter-output>
          </reporter-output>
        </test-method> <!-- setUpMethod -->
        <test-method signature="VerifyThatAllFieldsArePresentOnSignInPage()[pri:0, instance:com.signup.SingUpTestCase@21fd5faa]" started-at="2023-07-14T11:08:03 IST" name="VerifyThatAllFieldsArePresentOnSignInPage" finished-at="2023-07-14T11:08:04 IST" duration-ms="1499" status="PASS">
          <reporter-output>
          </reporter-output>
        </test-method> <!-- VerifyThatAllFieldsArePresentOnSignInPage -->
        <test-method is-config="true" signature="tearDownMethod()[pri:0, instance:com.signup.SingUpTestCase@21fd5faa]" started-at="2023-07-14T11:08:05 IST" name="tearDownMethod" finished-at="2023-07-14T11:08:05 IST" duration-ms="427" status="PASS">
          <reporter-output>
          </reporter-output>
        </test-method> <!-- tearDownMethod -->
      </class> <!-- com.signup.SingUpTestCase -->
    </test> <!-- Default test -->
  </suite> <!-- Default suite -->
</testng-results>
